gurobi (12, 0, 3)
overnight driver: studies ['S4']  MILP=gurobi  N_SWEEP=500

S4 trip-set CI: 200 sets (resuming at 0)
Set parameter LicenseID to value 2674428
Set parameter GURO_PAR_SPECIAL
Set parameter TokenServer to value "en-cc-unicorn-data-dirs.coecis.cornell.edu"
  [0/200]
  [20/200]
  [40/200]
  [60/200]
  [80/200]
  [100/200]
  [120/200]
  [140/200]
  [160/200]
  [180/200]
  premium 1.0x: 1.376 [1.370, 1.381] (min 1.273, max 1.499, n=200)
  premium 1.5x: 1.523 [1.516, 1.531] (min 1.403, max 1.700, n=200)
  premium 2.0x: 1.671 [1.661, 1.681] (min 1.514, max 1.902, n=200)
-- S4 done in 5.6 min --

all done in 0.09 h
