gurobi (12, 0, 3)
overnight driver: studies ['S1']  MILP=gurobi  N_SWEEP=500

S1 mega sweep: 500 bases x rho strata (resuming at 0)
Set parameter LicenseID to value 2674428
Set parameter GURO_PAR_SPECIAL
Set parameter TokenServer to value "en-cc-unicorn-data-dirs.coecis.cornell.edu"
  [0/500] tasks=322 rho=0.5 R=0.53 save=-0.07%
  [10/500] tasks=280 rho=1.75 R=0.06 save=0.08%
  [20/500] tasks=28 rho=1.0 R=2.64 save=53.5%
  [30/500] tasks=84 rho=1.75 R=1.54 save=45.08%
  [40/500] tasks=262 rho=0.5 R=1.75 save=18.1%
  [50/500] tasks=33 rho=0.5 R=6.12 save=66.31%
  [60/500] tasks=208 rho=1.75 R=0.36 save=0.32%
  [70/500] tasks=64 rho=0.5 R=6.53 save=60.16%
  [80/500] tasks=113 rho=1.75 R=1.31 save=21.26%
  [90/500] tasks=225 rho=0.5 R=1.39 save=18.1%
  [100/500] tasks=44 rho=1.0 R=0.95 save=3.88%
  [110/500] tasks=141 rho=1.0 R=1.05 save=11.1%
  [120/500] tasks=243 rho=0.5 R=0.29 save=-0.22%
  [130/500] tasks=269 rho=1.75 R=2.45 save=46.65%
  [140/500] tasks=203 rho=1.75 R=0.10 save=-0.32%
  [150/500] tasks=231 rho=0.5 R=0.77 save=0.71%
  [160/500] tasks=353 rho=1.0 R=0.34 save=-0.06%
  [170/500] tasks=62 rho=1.75 R=0.47 save=2.14%
  [180/500] tasks=154 rho=1.0 R=0.83 save=9.81%
  [190/500] tasks=30 rho=1.0 R=0.11 save=0.37%
  [200/500] tasks=361 rho=1.75 R=0.09 save=-0.87%
  [210/500] tasks=165 rho=1.75 R=0.74 save=4.72%
  [220/500] tasks=310 rho=1.75 R=0.48 save=2.89%
  [230/500] tasks=122 rho=1.75 R=0.31 save=0.31%
  [240/500] tasks=264 rho=0.5 R=0.06 save=-0.07%
  [250/500] tasks=92 rho=1.75 R=0.12 save=0.48%
  [260/500] tasks=209 rho=0.5 R=0.85 save=0.23%
  [270/500] tasks=219 rho=1.75 R=0.21 save=0.38%
  [280/500] tasks=320 rho=1.0 R=0.01 save=-0.08%
  [290/500] tasks=357 rho=1.75 R=0.38 save=0.93%
  [300/500] tasks=52 rho=0.5 R=12.50 save=77.24%
  [310/500] tasks=128 rho=0.5 R=0.01 save=0.07%
  [320/500] tasks=54 rho=1.0 R=3.01 save=68.61%
  [330/500] tasks=221 rho=0.5 R=1.46 save=19.74%
  [340/500] tasks=71 rho=0.5 R=2.53 save=52.04%
  [350/500] tasks=173 rho=0.5 R=1.05 save=3.4%
  [360/500] tasks=377 rho=0.5 R=0.47 save=0.73%
  [370/500] tasks=278 rho=1.75 R=0.42 save=1.72%
  [380/500] tasks=379 rho=1.0 R=0.08 save=-0.23%
  [390/500] tasks=124 rho=0.5 R=5.68 save=68.96%
  [400/500] tasks=162 rho=0.5 R=2.51 save=29.59%
  [410/500] tasks=294 rho=1.75 R=0.30 save=1.6%
  [420/500] tasks=264 rho=0.5 R=0.62 save=0.83%
  [430/500] tasks=352 rho=1.75 R=0.24 save=0.39%
  [440/500] tasks=276 rho=1.75 R=0.03 save=0.14%
  [450/500] tasks=146 rho=1.75 R=1.01 save=18.29%
  [460/500] tasks=29 rho=1.75 R=5.97 save=68.11%
  [470/500] tasks=292 rho=1.75 R=0.27 save=0.24%
  [480/500] tasks=142 rho=1.0 R=1.70 save=48.27%
  [490/500] tasks=385 rho=1.0 R=0.07 save=-0.1%
-- S1 done in 966.9 min --

all done in 16.12 h
