gurobi (12, 0, 3)
U1 shine densify: 1440 cells x 3, shard 4/6 (185 rows done)
  [41/1440 cells, 185 rows]
  [161/1440 cells, 185 rows]
  [281/1440 cells, 185 rows]
Set parameter LicenseID to value 2674428
Set parameter GURO_PAR_SPECIAL
Set parameter TokenServer to value "en-cc-unicorn-data-dirs.coecis.cornell.edu"
  [401/1440 cells, 201 rows]
  [521/1440 cells, 261 rows]
  [641/1440 cells, 321 rows]
  [761/1440 cells, 381 rows]
  [881/1440 cells, 441 rows]
  [1001/1440 cells, 501 rows]
  [1121/1440 cells, 561 rows]
  [1241/1440 cells, 621 rows]
  [1361/1440 cells, 681 rows]
-- U1 done in 61.4 min --

U2 modes hi-solar: 1872 cells, shard 4/6 (0 done)
  [30 rows]
  [60 rows]
  [90 rows]
  [120 rows]
  [150 rows]
  [180 rows]
  [210 rows]
  [240 rows]
  [270 rows]
  [300 rows]
-- U2 done in 118.5 min --

U3 stations densify: 288 bases x 8 arms, shard 4/6 (0 rows done)
  [11/288 bases, 16 rows]
  [41/288 bases, 56 rows]
  [71/288 bases, 96 rows]
  [101/288 bases, 136 rows]
  [131/288 bases, 176 rows]
  [161/288 bases, 216 rows]
  [191/288 bases, 256 rows]
  [221/288 bases, 296 rows]
  [251/288 bases, 336 rows]
  [281/288 bases, 376 rows]
-- U3 done in 798.1 min --

U4 durations: 144 bases x 4 arms, shard 4/6 (0 rows done)
  [11/144 bases, 8 rows]
  [41/144 bases, 28 rows]
  [71/144 bases, 48 rows]
  [101/144 bases, 68 rows]
  [131/144 bases, 88 rows]
-- U4 done in 127.8 min --

U5 random maps: 96 bases x 4 arms, shard 4/6 (0 rows done)
  [11/96 bases, 8 rows]
  [41/96 bases, 28 rows]
  [71/96 bases, 48 rows]
-- U5 done in 108.1 min --

U6 scale on rich maps: 48 runs, shard 4/6 (0 done)
  L=4 n=200 seed=0 warm: 56.42s
  L=4 n=400 seed=1 warm: 171.76s
  L=4 n=800 seed=0 warm: 1106.23s
  L=4 n=1000 seed=1 warm: 3326.73s
  L=15 n=200 seed=0 warm: 73.49s
  L=15 n=400 seed=1 warm: 227.22s
  L=15 n=800 seed=0 warm: 1674.62s
  L=15 n=1000 seed=1 warm: 3331.54s
-- U6 done in 166.1 min --

all done in 23.00 h
