gurobi (12, 0, 3)
overnight driver: studies ['S2', 'S3', 'S4']  MILP=gurobi  N_SWEEP=500

S2 weather year: 365 days x 5 pv levels (0 cells already done)
Set parameter LicenseID to value 2674428
Set parameter GURO_PAR_SPECIAL
Set parameter TokenServer to value "en-cc-unicorn-data-dirs.coecis.cornell.edu"
  pv=1.0: annual mean 1.9%  (p10 -0.3, p90 5.7)
  pv=1.5: annual mean 14.9%  (p10 0.7, p90 36.3)
  pv=2.0: annual mean 35.0%  (p10 2.8, p90 72.7)
  pv=2.5: annual mean 50.1%  (p10 13.0, p90 77.5)
  pv=3.0: annual mean 59.8%  (p10 25.1, p90 77.7)
-- S2 done in 52.2 min --

S3 enablement break-even: deg x charger-premium x pv
  deg=$0.0/unit prem=$0.0/truck-day: net savings at lowest R = 1.3% (positive everywhere tested)
  deg=$0.0/unit prem=$4.0/truck-day: net savings at lowest R = 0.2% (positive everywhere tested)
  deg=$0.0/unit prem=$8.0/truck-day: net savings at lowest R = -0.9%, break-even R* ~ 0.35
  deg=$2.0/unit prem=$0.0/truck-day: net savings at lowest R = 1.1% (positive everywhere tested)
  deg=$2.0/unit prem=$4.0/truck-day: net savings at lowest R = -0.1%, break-even R* ~ 0.31
  deg=$2.0/unit prem=$8.0/truck-day: net savings at lowest R = -1.0%, break-even R* ~ 0.36
  deg=$5.0/unit prem=$0.0/truck-day: net savings at lowest R = 0.8% (positive everywhere tested)
  deg=$5.0/unit prem=$4.0/truck-day: net savings at lowest R = -0.3%, break-even R* ~ 0.32
  deg=$5.0/unit prem=$8.0/truck-day: net savings at lowest R = -1.4%, break-even R* ~ 0.39
  deg=$13.0/unit prem=$0.0/truck-day: net savings at lowest R = 0.3% (positive everywhere tested)
  deg=$13.0/unit prem=$4.0/truck-day: net savings at lowest R = -0.8%, break-even R* ~ 0.37
  deg=$13.0/unit prem=$8.0/truck-day: net savings at lowest R = -1.8%, break-even R* ~ 0.45
-- S3 done in 1.1 min --

S4 trip-set CI: 200 sets (resuming at 0)
  [0/200]
  [20/200]
  [40/200]
  [60/200]
  [80/200]
  [100/200]
  [120/200]
  [140/200]
  [160/200]
  [180/200]
  premium 1.0x: 1.376 [1.370, 1.381] (min 1.273, max 1.499, n=200)
  premium 1.5x: 1.523 [1.516, 1.531] (min 1.403, max 1.700, n=200)
  premium 2.0x: 1.671 [1.661, 1.681] (min 1.514, max 1.902, n=200)
-- S4 done in 5.6 min --

all done in 0.98 h
