gurobi (12, 0, 3)
U1 shine densify: 1440 cells x 3, shard 5/6 (173 rows done)
Set parameter LicenseID to value 2674428
Set parameter GURO_PAR_SPECIAL
Set parameter TokenServer to value "en-cc-unicorn-data-dirs.coecis.cornell.edu"
-- U1 done in 55.8 min --

U2 modes hi-solar: 1872 cells, shard 5/6 (0 done)
  [30 rows]
  [60 rows]
  [90 rows]
  [120 rows]
  [150 rows]
  [180 rows]
  [210 rows]
  [240 rows]
  [270 rows]
  [300 rows]
-- U2 done in 254.9 min --

U3 stations densify: 288 bases x 8 arms, shard 5/6 (0 rows done)
-- U3 done in 789.5 min --

U4 durations: 144 bases x 4 arms, shard 5/6 (0 rows done)
-- U4 done in 129.4 min --

U5 random maps: 96 bases x 4 arms, shard 5/6 (0 rows done)
-- U5 done in 99.6 min --

U6 scale on rich maps: 48 runs, shard 5/6 (0 done)
  L=4 n=200 seed=0 cold: 60.33s
  L=4 n=400 seed=1 cold: 199.76s
  L=4 n=800 seed=0 cold: 1394.86s
