gurobi (12, 0, 3)
overnight2: studies ['S5', 'S10'] shard 0/1  MILP=gurobi

S5 fleet bands: 240 fleets, shard 0/1 (0 done)
Set parameter LicenseID to value 2674428
Set parameter GURO_PAR_SPECIAL
Set parameter TokenServer to value "en-cc-unicorn-data-dirs.coecis.cornell.edu"
  [10 fleets done] latest: n=74 be@22.5=1.33
  [20 fleets done] latest: n=36 be@22.5=1.43
  [30 fleets done] latest: n=102 be@22.5=1.29
  [40 fleets done] latest: n=65 be@22.5=1.39
  [50 fleets done] latest: n=34 be@22.5=1.68
  [60 fleets done] latest: n=50 be@22.5=1.33
  [70 fleets done] latest: n=68 be@22.5=1.68
  [80 fleets done] latest: n=67 be@22.5=1.55
  [90 fleets done] latest: n=52 be@22.5=1.74
  [100 fleets done] latest: n=107 be@22.5=1.37
  [110 fleets done] latest: n=91 be@22.5=1.61
  [120 fleets done] latest: n=81 be@22.5=1.38
  [130 fleets done] latest: n=95 be@22.5=1.58
  [140 fleets done] latest: n=45 be@22.5=1.38
  [150 fleets done] latest: n=71 be@22.5=1.34
  [160 fleets done] latest: n=62 be@22.5=1.37
  [170 fleets done] latest: n=114 be@22.5=1.58
  [180 fleets done] latest: n=41 be@22.5=1.58
  [190 fleets done] latest: n=83 be@22.5=1.57
  [200 fleets done] latest: n=74 be@22.5=1.35
  [210 fleets done] latest: n=66 be@22.5=1.59
  [220 fleets done] latest: n=37 be@22.5=1.31
  [230 fleets done] latest: n=68 be@22.5=1.67
  [240 fleets done] latest: n=107 be@22.5=1.72
-- S5 done in 238.2 min --

S10 high-R densify: 400 bases, shard 0/1 (0 done)
  [15 done] latest R=5.62
  [30 done] latest R=1.44
  [45 done] latest R=1.85
  [60 done] latest R=3.61
  [75 done] latest R=9.31
  [90 done] latest R=4.24
  [105 done] latest R=4.65
  [120 done] latest R=1.26
  [135 done] latest R=3.87
  [150 done] latest R=6.78
  [165 done] latest R=4.23
  [180 done] latest R=7.93
  [195 done] latest R=28.74
  [210 done] latest R=1.00
  [225 done] latest R=2.70
  [240 done] latest R=4.63
  [255 done] latest R=0.88
  [270 done] latest R=46.54
  [285 done] latest R=7.58
  [300 done] latest R=3.14
  [315 done] latest R=8.32
  [330 done] latest R=1.56
  [345 done] latest R=3.78
  [360 done] latest R=10.22
  [375 done] latest R=18.18
  [390 done] latest R=7.44
-- S10 done in 37.9 min --

all done in 4.60 h
