gurobi (12, 0, 3)
overnight2: studies ['S7', 'S8', 'S9', 'S11', 'S6'] shard 0/1  MILP=gurobi

S7 realistic timeline: 1-hour tasks, full-day schedule, seeds [0, 1, 2, 3, 4, 5, 6, 7]
Set parameter LicenseID to value 2674428
Set parameter GURO_PAR_SPECIAL
Set parameter TokenServer to value "en-cc-unicorn-data-dirs.coecis.cornell.edu"
  cv=$45 with stationary storage: trucks=11 (5.5 tasks/truck) batteries=18 gap=4.29%
  cv=$45 no stationary storage: the fleet is the storage: trucks=18 (3.3 tasks/truck) batteries=0 gap=9.07%
  cv=$45 with stationary storage: trucks=17 (3.5 tasks/truck) batteries=14 gap=4.77%
  cv=$45 no stationary storage: the fleet is the storage: trucks=20 (3.0 tasks/truck) batteries=0 gap=7.83%
  cv=$45 with stationary storage: trucks=9 (6.7 tasks/truck) batteries=20 gap=7.98%
  cv=$45 no stationary storage: the fleet is the storage: trucks=19 (3.2 tasks/truck) batteries=0 gap=9.03%
  cv=$45 with stationary storage: trucks=12 (5.0 tasks/truck) batteries=16 gap=6.20%
  cv=$45 no stationary storage: the fleet is the storage: trucks=18 (3.3 tasks/truck) batteries=0 gap=7.25%
  cv=$45 with stationary storage: trucks=15 (4.0 tasks/truck) batteries=13 gap=5.64%
  cv=$45 no stationary storage: the fleet is the storage: trucks=17 (3.5 tasks/truck) batteries=0 gap=11.06%
  cv=$45 with stationary storage: trucks=15 (4.0 tasks/truck) batteries=13 gap=7.03%
  cv=$45 no stationary storage: the fleet is the storage: trucks=18 (3.3 tasks/truck) batteries=0 gap=6.67%
  cv=$45 with stationary storage: trucks=10 (6.0 tasks/truck) batteries=19 gap=6.54%
  cv=$45 no stationary storage: the fleet is the storage: trucks=17 (3.5 tasks/truck) batteries=0 gap=7.94%
  cv=$45 with stationary storage: trucks=12 (5.0 tasks/truck) batteries=17 gap=5.24%
  cv=$45 no stationary storage: the fleet is the storage: trucks=19 (3.2 tasks/truck) batteries=0 gap=9.20%
-- S7 done in 82.8 min --

S8: eps=1.5 scalability ladder extended to 10 locations
  locs=2 trips=10 cg_s=0.31 gap=-0.0%
  locs=3 trips=30 cg_s=0.51 gap=0.0%
  locs=4 trips=60 cg_s=0.95 gap=0.0%
  locs=5 trips=100 cg_s=1.57 gap=0.0%
  locs=6 trips=150 cg_s=3.31 gap=-0.0%
  locs=7 trips=210 cg_s=6.63 gap=0.004%
  locs=8 trips=280 cg_s=12.29 gap=1.211%
  locs=9 trips=360 cg_s=23.95 gap=1.399%
  locs=10 trips=450 cg_s=44.44 gap=1.169%
-- S8 done in 1.7 min --

S9 cyclic export grid: tasks 20..200 x pv 1..3
  tasks=20 done
  tasks=40 done
  tasks=60 done
  tasks=80 done
  tasks=100 done
  tasks=120 done
  tasks=140 done
  tasks=160 done
  tasks=180 done
  tasks=200 done
-- S9 done in 23.9 min --

S11 shape noise at fixed surplus
  eps=1.0 pv=1.5 done
  eps=1.0 pv=2.5 done
  eps=2.0 pv=1.5 done
  eps=2.0 pv=2.5 done
-- S11 done in 0.7 min --

S6 eps band: 6x13x3, shard 0/1 (0 done)
  [20 cells done]
  [40 cells done]
  [60 cells done]
  [80 cells done]
  [100 cells done]
  [120 cells done]
  [140 cells done]
  [160 cells done]
  [180 cells done]
  [200 cells done]
  [220 cells done]
-- S6 done in 5.0 min --

all done in 1.90 h
