gurobi (12, 0, 3)
U1 shine densify: 1440 cells x 3, shard 3/6 (190 rows done)
Set parameter LicenseID to value 2674428
Set parameter GURO_PAR_SPECIAL
Set parameter TokenServer to value "en-cc-unicorn-data-dirs.coecis.cornell.edu"
-- U1 done in 59.6 min --

U2 modes hi-solar: 1872 cells, shard 3/6 (0 done)
  [30 rows]
  [60 rows]
  [90 rows]
  [120 rows]
  [150 rows]
  [180 rows]
  [210 rows]
  [240 rows]
  [270 rows]
  [300 rows]
-- U2 done in 256.0 min --

U3 stations densify: 288 bases x 8 arms, shard 3/6 (0 rows done)
-- U3 done in 769.4 min --

U4 durations: 144 bases x 4 arms, shard 3/6 (0 rows done)
-- U4 done in 130.0 min --

U5 random maps: 96 bases x 4 arms, shard 3/6 (0 rows done)
-- U5 done in 100.3 min --

U6 scale on rich maps: 48 runs, shard 3/6 (0 done)
  L=4 n=100 seed=1 cold: 12.03s
  L=4 n=400 seed=0 cold: 163.84s
  L=4 n=600 seed=1 cold: 603.49s
  L=4 n=1000 seed=0 cold: 4534.33s
  L=15 n=100 seed=1 cold: 28.85s
  L=15 n=400 seed=0 cold: 283.03s
