gurobi (12, 0, 3)
SA stations frontier: 288 bases x 4 arms, shard 1/6 (4 rows done)  MILP: gurobi
Set parameter LicenseID to value 2674428
Set parameter GURO_PAR_SPECIAL
Set parameter TokenServer to value "en-cc-unicorn-data-dirs.coecis.cornell.edu"
-- SA done in 189.8 min --

SB warm-vs-cold on the multi-station model: 72 runs, shard 1/6 (0 done)
  L=4 n=100 seed=0 cold: 16.51s (379 iters)
  L=4 n=200 seed=0 cold: 49.17s (554 iters)
  L=4 n=400 seed=0 cold: 165.2s (793 iters)
  L=4 n=600 seed=0 cold: 934.74s (1274 iters)
  L=8 n=100 seed=0 cold: 26.17s (449 iters)
  L=8 n=200 seed=0 cold: 69.43s (608 iters)
  L=8 n=400 seed=0 cold: 146.16s (740 iters)
  L=8 n=600 seed=0 cold: 693.99s (1206 iters)
  L=15 n=100 seed=0 cold: 39.76s (529 iters)
  L=15 n=200 seed=0 cold: 53.11s (586 iters)
  L=15 n=400 seed=0 cold: 241.82s (1019 iters)
  L=15 n=600 seed=0 cold: 713.14s (1295 iters)
-- SB done in 52.5 min --

all done in 4.04 h
