gurobi (12, 0, 3)
SA stations frontier: 288 bases x 4 arms, shard 5/6 (4 rows done)  MILP: gurobi
Set parameter LicenseID to value 2674428
Set parameter GURO_PAR_SPECIAL
Set parameter TokenServer to value "en-cc-unicorn-data-dirs.coecis.cornell.edu"
-- SA done in 272.0 min --

SB warm-vs-cold on the multi-station model: 72 runs, shard 5/6 (0 done)
  L=4 n=100 seed=2 cold: 10.24s (313 iters)
  L=4 n=200 seed=2 cold: 72.0s (722 iters)
  L=4 n=400 seed=2 cold: 182.24s (873 iters)
  L=4 n=600 seed=2 cold: 355.24s (944 iters)
  L=8 n=100 seed=2 cold: 17.42s (380 iters)
  L=8 n=200 seed=2 cold: 47.67s (615 iters)
  L=8 n=400 seed=2 cold: 128.89s (741 iters)
  L=8 n=600 seed=2 cold: 513.64s (1111 iters)
  L=15 n=100 seed=2 cold: 37.97s (512 iters)
  L=15 n=200 seed=2 cold: 70.98s (702 iters)
  L=15 n=400 seed=2 cold: 256.25s (1063 iters)
  L=15 n=600 seed=2 cold: 564.98s (1175 iters)
-- SB done in 37.6 min --

all done in 5.16 h
