gurobi (12, 0, 3)
SA stations frontier: 288 bases x 4 arms, shard 2/6 (4 rows done)  MILP: gurobi
Set parameter LicenseID to value 2674428
Set parameter GURO_PAR_SPECIAL
Set parameter TokenServer to value "en-cc-unicorn-data-dirs.coecis.cornell.edu"
  [21/288 bases, 16 rows]
  [51/288 bases, 36 rows]
  [81/288 bases, 56 rows]
  [111/288 bases, 76 rows]
  [141/288 bases, 96 rows]
  [171/288 bases, 116 rows]
  [201/288 bases, 136 rows]
  [231/288 bases, 156 rows]
  [261/288 bases, 176 rows]
-- SA done in 189.0 min --

SB warm-vs-cold on the multi-station model: 72 runs, shard 2/6 (0 done)
  L=4 n=100 seed=1 warm: 12.17s (313 iters)
  L=4 n=200 seed=1 warm: 58.88s (567 iters)
  L=4 n=400 seed=1 warm: 131.89s (680 iters)
  L=4 n=600 seed=1 warm: 517.95s (1017 iters)
  L=8 n=100 seed=1 warm: 25.44s (408 iters)
  L=8 n=200 seed=1 warm: 126.12s (845 iters)
  L=8 n=400 seed=1 warm: 123.03s (670 iters)
  L=8 n=600 seed=1 warm: 571.68s (1040 iters)
  L=15 n=100 seed=1 warm: 32.69s (429 iters)
  L=15 n=200 seed=1 warm: 81.02s (650 iters)
  L=15 n=400 seed=1 warm: 210.19s (863 iters)
  L=15 n=600 seed=1 warm: 664.03s (1192 iters)
-- SB done in 42.6 min --

all done in 3.86 h
