gurobi (12, 0, 3)
SA stations frontier: 288 bases x 4 arms, shard 3/6 (0 rows done)  MILP: gurobi
Set parameter LicenseID to value 2674428
Set parameter GURO_PAR_SPECIAL
Set parameter TokenServer to value "en-cc-unicorn-data-dirs.coecis.cornell.edu"
-- SA done in 292.1 min --

SB warm-vs-cold on the multi-station model: 72 runs, shard 3/6 (0 done)
  L=4 n=100 seed=1 cold: 10.81s (334 iters)
  L=4 n=200 seed=1 cold: 47.91s (573 iters)
  L=4 n=400 seed=1 cold: 130.13s (781 iters)
  L=4 n=600 seed=1 cold: 436.09s (1007 iters)
  L=8 n=100 seed=1 cold: 17.75s (410 iters)
  L=8 n=200 seed=1 cold: 113.46s (871 iters)
  L=8 n=400 seed=1 cold: 123.97s (729 iters)
  L=8 n=600 seed=1 cold: 453.95s (1059 iters)
  L=15 n=100 seed=1 cold: 32.42s (456 iters)
  L=15 n=200 seed=1 cold: 66.67s (648 iters)
  L=15 n=400 seed=1 cold: 181.73s (884 iters)
  L=15 n=600 seed=1 cold: 614.51s (1209 iters)
-- SB done in 37.2 min --

all done in 5.49 h
